#
# There is insufficient memory for the Java Runtime Environment to continue.
# Native memory allocation (mmap) failed to map 260046848 bytes for G1 virtual space
# Possible reasons:
#   The system is out of physical RAM or swap space
#   The process is running with CompressedOops enabled, and the Java Heap may be blocking the growth of the native heap
# Possible solutions:
#   Reduce memory load on the system
#   Increase physical memory or swap space
#   Check if swap backing store is full
#   Decrease Java heap size (-Xmx/-Xms)
#   Decrease number of Java threads
#   Decrease Java thread stack sizes (-Xss)
#   Set larger code cache with -XX:ReservedCodeCacheSize=
#   JVM is running with Zero Based Compressed Oops mode in which the Java heap is
#     placed in the first 32GB address space. The Java Heap base address is the
#     maximum limit for the native heap growth. Please use -XX:HeapBaseMinAddress
#     to set the Java Heap base and to place the Java Heap above 32GB virtual address.
# This output file may be truncated or incomplete.
#
#  Out of Memory Error (os_windows.cpp:3532), pid=38476, tid=22388
#
# JRE version:  (17.0.2+8) (build )
# Java VM: Java HotSpot(TM) 64-Bit Server VM (17.0.2+8-LTS-86, mixed mode, sharing, tiered, compressed oops, compressed class ptrs, g1 gc, windows-amd64)
# No core dump will be written. Minidumps are not enabled by default on client versions of Windows
#

---------------  S U M M A R Y ------------

Command Line: -Dclassworlds.conf=C:\maven\apache-maven-3.9.2\bin\m2.conf -Dmaven.home=C:\maven\apache-maven-3.9.2 -Dlibrary.jansi.path=C:\maven\apache-maven-3.9.2\lib\jansi-native -Dmaven.multiModuleProjectDirectory=C:\Users\vsvdev\Desktop\aws_lambda\data org.codehaus.plexus.classworlds.launcher.Launcher -version

Host: AMD Ryzen 5 4600H with Radeon Graphics         , 12 cores, 15G,  Windows 10 , 64 bit Build 19041 (10.0.19041.3636)
Time: Tue Apr 23 14:49:08 2024 FLE Daylight Time elapsed time: 0.007943 seconds (0d 0h 0m 0s)

---------------  T H R E A D  ---------------

Current thread (0x000002b09c12b3e0):  JavaThread "Unknown thread" [_thread_in_vm, id=22388, stack(0x000000e137b00000,0x000000e137c00000)]

Stack: [0x000000e137b00000,0x000000e137c00000]
Native frames: (J=compiled Java code, j=interpreted, Vv=VM code, C=native code)
V  [jvm.dll+0x670baa]
V  [jvm.dll+0x7cfcb4]
V  [jvm.dll+0x7d145e]
V  [jvm.dll+0x7d1ac3]
V  [jvm.dll+0x242bc5]
V  [jvm.dll+0x66dac9]
V  [jvm.dll+0x662412]
V  [jvm.dll+0x300c0b]
V  [jvm.dll+0x3081a6]
V  [jvm.dll+0x357d0e]
V  [jvm.dll+0x357f3f]
V  [jvm.dll+0x2d7ec8]
V  [jvm.dll+0x2d8e34]
V  [jvm.dll+0x7a18c1]
V  [jvm.dll+0x365a91]
V  [jvm.dll+0x780d2c]
V  [jvm.dll+0x3e845f]
V  [jvm.dll+0x3e9f01]
C  [jli.dll+0x527b]
C  [ucrtbase.dll+0x21bb2]
C  [KERNEL32.DLL+0x17344]
C  [ntdll.dll+0x526b1]


---------------  P R O C E S S  ---------------

Threads class SMR info:
_java_thread_list=0x00007ffcddc89858, length=0, elements={
}

Java Threads: ( => current thread )

Other Threads:
  0x000002b09c17a250 GCTaskThread "GC Thread#0" [stack: 0x000000e137c00000,0x000000e137d00000] [id=32400]
  0x000002b09c18bf40 ConcurrentGCThread "G1 Main Marker" [stack: 0x000000e137d00000,0x000000e137e00000] [id=49112]
  0x000002b09c18d0f0 ConcurrentGCThread "G1 Conc#0" [stack: 0x000000e137e00000,0x000000e137f00000] [id=39128]

[error occurred during error reporting (printing all threads), id 0xc0000005, EXCEPTION_ACCESS_VIOLATION (0xc0000005) at pc=0x00007ffcdd4d88a7]

VM state: not at safepoint (not fully initialized)

VM Mutex/Monitor currently owned by a thread:  ([mutex/lock_event])
[0x000002b09c1261d0] Heap_lock - owner thread: 0x000002b09c12b3e0

Heap address: 0x0000000709400000, size: 3948 MB, Compressed Oops mode: Zero based, Oop shift amount: 3

CDS archive(s) mapped at: [0x0000000000000000-0x0000000000000000-0x0000000000000000), size 0, SharedBaseAddress: 0x0000000800000000, ArchiveRelocationMode: 0.
Narrow klass base: 0x0000000000000000, Narrow klass shift: 0, Narrow klass range: 0x0

GC Precious Log:
<Empty>

Heap:
 garbage-first heap   total 0K, used 0K [0x0000000709400000, 0x0000000800000000)
  region size 2048K, 0 young (0K), 0 survivors (0K)

[error occurred during error reporting (printing heap information), id 0xc0000005, EXCEPTION_ACCESS_VIOLATION (0xc0000005) at pc=0x00007ffcdd8b9f19]

GC Heap History (0 events):
No events

Deoptimization events (0 events):
No events

Classes unloaded (0 events):
No events

Classes redefined (0 events):
No events

Internal exceptions (0 events):
No events

VM Operations (0 events):
No events

Events (1 events):
Event: 0.004 Loaded shared library C:\Program Files\Java\jdk-17.0.2\bin\java.dll


Dynamic libraries:
0x00007ff68acf0000 - 0x00007ff68ad00000 	C:\Program Files\Java\jdk-17.0.2\bin\java.exe
0x00007ffd202f0000 - 0x00007ffd204e8000 	C:\Windows\SYSTEM32\ntdll.dll
0x00007ffce4170000 - 0x00007ffce4189000 	C:\Program Files\Avast Software\Avast\aswhook.dll
0x00007ffd1ff20000 - 0x00007ffd1ffdd000 	C:\Windows\System32\KERNEL32.DLL
0x00007ffd1db70000 - 0x00007ffd1de66000 	C:\Windows\System32\KERNELBASE.dll
0x00007ffd1de70000 - 0x00007ffd1df70000 	C:\Windows\System32\ucrtbase.dll
0x00007ffceb380000 - 0x00007ffceb398000 	C:\Program Files\Java\jdk-17.0.2\bin\jli.dll
0x00007ffcea670000 - 0x00007ffcea68a000 	C:\Program Files\Java\jdk-17.0.2\bin\VCRUNTIME140.dll
0x00007ffd1f370000 - 0x00007ffd1f423000 	C:\Windows\System32\ADVAPI32.dll
0x00007ffd1fcc0000 - 0x00007ffd1fd5e000 	C:\Windows\System32\msvcrt.dll
0x00007ffd1eac0000 - 0x00007ffd1eb5f000 	C:\Windows\System32\sechost.dll
0x00007ffd1fd60000 - 0x00007ffd1fe86000 	C:\Windows\System32\RPCRT4.dll
0x00007ffd1d9b0000 - 0x00007ffd1d9d7000 	C:\Windows\System32\bcrypt.dll
0x00007ffd1f1d0000 - 0x00007ffd1f36e000 	C:\Windows\System32\USER32.dll
0x00007ffd1db40000 - 0x00007ffd1db62000 	C:\Windows\System32\win32u.dll
0x00007ffd05a90000 - 0x00007ffd05d2a000 	C:\Windows\WinSxS\amd64_microsoft.windows.common-controls_6595b64144ccf1df_6.0.19041.3636_none_60b6a03d71f818d5\COMCTL32.dll
0x00007ffd1fe90000 - 0x00007ffd1febb000 	C:\Windows\System32\GDI32.dll
0x00007ffd1e150000 - 0x00007ffd1e267000 	C:\Windows\System32\gdi32full.dll
0x00007ffd1df70000 - 0x00007ffd1e00d000 	C:\Windows\System32\msvcp_win.dll
0x00007ffd163e0000 - 0x00007ffd163ea000 	C:\Windows\SYSTEM32\VERSION.dll
0x00007ffd1ea80000 - 0x00007ffd1eab2000 	C:\Windows\System32\IMM32.DLL
0x00007ffd00040000 - 0x00007ffd0004c000 	C:\Program Files\Java\jdk-17.0.2\bin\vcruntime140_1.dll
0x00007ffce52b0000 - 0x00007ffce533d000 	C:\Program Files\Java\jdk-17.0.2\bin\msvcp140.dll
0x00007ffcdd1f0000 - 0x00007ffcdddb1000 	C:\Program Files\Java\jdk-17.0.2\bin\server\jvm.dll
0x00007ffd1fbc0000 - 0x00007ffd1fbc8000 	C:\Windows\System32\PSAPI.DLL
0x00007ffd0c090000 - 0x00007ffd0c099000 	C:\Windows\SYSTEM32\WSOCK32.dll
0x00007ffd15220000 - 0x00007ffd15247000 	C:\Windows\SYSTEM32\WINMM.dll
0x00007ffd1f6c0000 - 0x00007ffd1f72b000 	C:\Windows\System32\WS2_32.dll
0x00007ffd1b800000 - 0x00007ffd1b812000 	C:\Windows\SYSTEM32\kernel.appcore.dll
0x00007ffcff8c0000 - 0x00007ffcff8ca000 	C:\Program Files\Java\jdk-17.0.2\bin\jimage.dll
0x00007ffd10720000 - 0x00007ffd10904000 	C:\Windows\SYSTEM32\DBGHELP.DLL
0x00007ffd106d0000 - 0x00007ffd10704000 	C:\Windows\SYSTEM32\dbgcore.DLL
0x00007ffd1e010000 - 0x00007ffd1e092000 	C:\Windows\System32\bcryptPrimitives.dll
0x00007ffce7e50000 - 0x00007ffce7e75000 	C:\Program Files\Java\jdk-17.0.2\bin\java.dll

dbghelp: loaded successfully - version: 4.0.5 - missing functions: none
symbol engine: initialized successfully - sym options: 0x614 - pdb path: .;C:\Program Files\Java\jdk-17.0.2\bin;C:\Windows\SYSTEM32;C:\Program Files\Avast Software\Avast;C:\Windows\WinSxS\amd64_microsoft.windows.common-controls_6595b64144ccf1df_6.0.19041.3636_none_60b6a03d71f818d5;C:\Program Files\Java\jdk-17.0.2\bin\server

VM Arguments:
jvm_args: -Dclassworlds.conf=C:\maven\apache-maven-3.9.2\bin\m2.conf -Dmaven.home=C:\maven\apache-maven-3.9.2 -Dlibrary.jansi.path=C:\maven\apache-maven-3.9.2\lib\jansi-native -Dmaven.multiModuleProjectDirectory=C:\Users\vsvdev\Desktop\aws_lambda\data 
java_command: org.codehaus.plexus.classworlds.launcher.Launcher -version
java_class_path (initial): C:\maven\apache-maven-3.9.2\boot\plexus-classworlds-2.7.0.jar
Launcher Type: SUN_STANDARD

[Global flags]
     intx CICompilerCount                          = 4                                         {product} {ergonomic}
     uint ConcGCThreads                            = 3                                         {product} {ergonomic}
     uint G1ConcRefinementThreads                  = 10                                        {product} {ergonomic}
   size_t G1HeapRegionSize                         = 2097152                                   {product} {ergonomic}
    uintx GCDrainStackTargetSize                   = 64                                        {product} {ergonomic}
   size_t InitialHeapSize                          = 260046848                                 {product} {ergonomic}
   size_t MarkStackSize                            = 4194304                                   {product} {ergonomic}
   size_t MaxHeapSize                              = 4139778048                                {product} {ergonomic}
   size_t MinHeapDeltaBytes                        = 2097152                                   {product} {ergonomic}
   size_t MinHeapSize                              = 8388608                                   {product} {ergonomic}
    uintx NonNMethodCodeHeapSize                   = 5839372                                {pd product} {ergonomic}
    uintx NonProfiledCodeHeapSize                  = 122909434                              {pd product} {ergonomic}
    uintx ProfiledCodeHeapSize                     = 122909434                              {pd product} {ergonomic}
    uintx ReservedCodeCacheSize                    = 251658240                              {pd product} {ergonomic}
     bool SegmentedCodeCache                       = true                                      {product} {ergonomic}
   size_t SoftMaxHeapSize                          = 4139778048                             {manageable} {ergonomic}
     bool UseCompressedClassPointers               = true                           {product lp64_product} {ergonomic}
     bool UseCompressedOops                        = true                           {product lp64_product} {ergonomic}
     bool UseG1GC                                  = true                                      {product} {ergonomic}
     bool UseLargePagesIndividualAllocation        = false                                  {pd product} {ergonomic}

Logging:
Log output configuration:
 #0: stdout all=warning uptime,level,tags
 #1: stderr all=off uptime,level,tags

Environment Variables:
JAVA_HOME=C:\Program Files\Java\jdk-17.0.2
CLASSPATH=.;
PATH=C:\Program Files (x86)\Microsoft SDKs\Azure\CLI2\wbin;C:\Program Files\Common Files\Oracle\Java\javapath;C:\Program Files\Python310\Scripts\;C:\Program Files\Python310\;C:\Windows\system32;C:\Windows;C:\Windows\System32\Wbem;C:\Windows\System32\WindowsPowerShell\v1.0\;C:\Windows\System32\OpenSSH\;C:\Program Files\NVIDIA Corporation\NVIDIA NvDLISR;C:\Program Files (x86)\NVIDIA Corporation\PhysX\Common;C:\Program Files\dotnet\;C:\go\bin;C:\Program Files\Docker\Docker\resources\bin;C:\ProgramData\chocolatey\bin;C:\Program Files\Git\cmd;C:\HashiCorp\Vagrant\bin;C:\Program Files\Java\jdk-17.0.2\bin;C:\Program Files (x86)\sbt\bin;C:\maven\apache-maven-3.9.2\bin;C:\nodejs\;C:\Program Files\Amazon\AWSCLIV2\;C:\Program Files\Amazon\AWSSAMCLI\bin\;C:\Users\vsvdev\AppData\Local\Microsoft\WindowsApps;C:\Users\vsvdev\AppData\Local\Programs\Microsoft VS Code\bin;C:\Users\vsvdev\go\bin;C:\groovy\groovy-4.0.8\bin;C:\gradle\gradle-7.5.1\bin;C:\Program Files\Java\jdk-17.0.2\bin;C:\maven\apache-maven-3.9.2\bin;C:\Users\vsvdev\AppData\Roaming\npm;C:\Users\vsvdev\AppData\Local\GitHubDesktop\bin;C:\Users\vsvdev\.dotnet\tools
USERNAME=vsvdev
OS=Windows_NT
PROCESSOR_IDENTIFIER=AMD64 Family 23 Model 96 Stepping 1, AuthenticAMD



---------------  S Y S T E M  ---------------

OS:
 Windows 10 , 64 bit Build 19041 (10.0.19041.3636)
OS uptime: 4 days 21:12 hours
Hyper-V role detected

CPU: total 12 (initial active 12) (12 cores per cpu, 2 threads per core) family 23 model 96 stepping 1 microcode 0x0, cx8, cmov, fxsr, ht, mmx, 3dnowpref, sse, sse2, sse3, ssse3, sse4a, sse4.1, sse4.2, popcnt, lzcnt, tsc, tscinvbit, avx, avx2, aes, clmul, bmi1, bmi2, adx, sha, fma, vzeroupper, clflush, clflushopt, hv

Memory: 4k page, system-wide physical 15791M (5493M free)
TotalPageFile size 17839M (AvailPageFile size 189M)
current process WorkingSet (physical memory assigned to process): 11M, peak: 11M
current process commit charge ("private bytes"): 64M, peak: 312M

vm_info: Java HotSpot(TM) 64-Bit Server VM (17.0.2+8-LTS-86) for windows-amd64 JRE (17.0.2+8-LTS-86), built on Dec  7 2021 21:51:03 by "mach5one" with MS VC++ 16.8 / 16.9 (VS2019)

END.
